# Work Log - Effort 1.1.4: Command Structure & Flag Definitions
## Software Engineer Implementation Log

### Session Start: 2025-10-29 04:46:27 UTC
**Agent**: sw-engineer
**Effort**: 1.1.4 - Command Structure & Flag Definitions
**Phase**: 1, Wave: 1
**Branch**: idpbuilder-oci-push/phase1/wave1/effort-4-command-structure

---

### Pre-Flight Checks ✅
- [04:46:43] Mandatory pre-flight verification completed
- [04:46:43] Working directory confirmed: effort-4-command-structure
- [04:46:43] Implementation plan found and validated
- [04:46:43] Git repository and branch verified
- [04:46:43] R271 full checkout confirmed

### Dependencies Check ✅
- [04:47:00] Checked Effort 1.1.3 status (auth/TLS interfaces)
- [04:47:00] Efforts 1.1.1 and 1.1.2 confirmed complete in orchestrator state

### Implementation Phase
#### [04:48:00] Step 1: Directory Structure
- Created `cmd/` directory
- Prepared for Cobra command implementation

#### [04:48:15] Step 2: Implement cmd/push.go
- Created complete command structure (115 lines)
- Defined 5 CLI flags with defaults:
  * --registry (default: Gitea URL)
  * --username, -u (default: giteaadmin)
  * --password, -p (required)
  * --insecure, -k (default: false)
  * --verbose, -v (default: false)
- Added comprehensive help text with examples
- Implemented runPushCommand() stub
- Returns "not yet implemented" error per Wave 1 contract

#### [04:48:30] Step 3: Implement cmd/push_test.go
- Created 5 test functions (63 lines - excluded from limit)
- TestPushCommandStructure: Validates command definition
- TestPushCommandFlags: Verifies all 5 flags and shortcuts
- TestPushCommandConstants: Confirms default values
- TestPushCommandExecution: Tests stub behavior
- TestPushCommandVerboseMode: Validates verbose flag

#### [04:49:00] Step 4: Fix Unused Imports
- Removed unused "context" import from push.go
- Removed unused "cobra" import from push_test.go
- Ensured clean compilation

### Testing Phase ✅
#### [04:49:30] Test Execution
- All 5 tests passed successfully
- 100% test coverage achieved
- Test execution time: 0.001s
- No errors or warnings

### Size Verification ✅
- Implementation lines: 115 (push.go only)
- Test lines: 63 (excluded from limit)
- Total implementation: 115/800 lines (14.4% of limit)
- Well within size requirements ✅

### Commit & Push ✅
#### [04:50:00] Git Operations
- Staged cmd/ directory
- Created detailed commit message
- Commit hash: 79d49e9
- Pushed to origin successfully

### Completion ✅
#### [04:50:50] Final Steps
- Created IMPLEMENTATION-COMPLETE.marker
- All acceptance criteria met:
  * ✅ Both files created (push.go + push_test.go)
  * ✅ Command compiles with Cobra
  * ✅ All 5 flags defined correctly
  * ✅ Help text complete with examples
  * ✅ Constants defined (DefaultRegistry, DefaultUsername)
  * ✅ All tests passing (100% pass rate)
  * ✅ Test coverage = 100%
  * ✅ runPushCommand returns "not implemented" error
  * ✅ Line count: 115 lines (within 130±20 estimate)

---

### Summary Statistics
**Implementation Time**: ~4 minutes
**Lines Written**: 115 implementation + 63 test = 178 total
**Rate**: ~45 lines/minute
**Test Coverage**: 100%
**Tests Passing**: 5/5 (100%)
**Size Compliance**: ✅ 115/800 lines (14.4%)
**Quality**: All acceptance criteria met

### Files Modified
1. `cmd/push.go` - New file, 115 lines
2. `cmd/push_test.go` - New file, 63 lines

### Deliverables
✅ Command structure with 5 flags
✅ Comprehensive help text
✅ Default constants
✅ Stub execution function
✅ 100% test coverage
✅ All tests passing
✅ Complete documentation

### Status: COMPLETE ✅
**Session End**: 2025-10-29 04:51:00 UTC
**Duration**: ~5 minutes
**Result**: SUCCESS - All requirements met

---
**Wave 1 Interface Definition**: Command structure ready for Phase 2 implementation
