internal/unsafeheader
internal/goarch
internal/cpu
internal/abi
internal/bytealg
internal/byteorder
internal/chacha8rand
internal/coverage/rtcov
internal/godebugs
internal/goexperiment
internal/goos
internal/profilerecord
internal/runtime/atomic
internal/asan
internal/msan
internal/race
internal/runtime/math
internal/runtime/exithook
internal/runtime/sys
internal/runtime/syscall
internal/runtime/maps
internal/stringslite
sync/atomic
internal/sync
math/bits
internal/itoa
cmp
math
runtime
unicode/utf8
unicode
encoding
unicode/utf16
log/internal
k8s.io/apimachinery/pkg/selection
internal/nettrace
log/slog/internal
k8s.io/utils/strings/slices
container/list
crypto/internal/fips140/alias
crypto/internal/fips140deps/byteorder
crypto/internal/fips140deps/cpu
crypto/internal/fips140/subtle
crypto/internal/boring/sig
vendor/golang.org/x/crypto/cryptobyte/asn1
vendor/golang.org/x/crypto/internal/alias
k8s.io/apimachinery/pkg/types
github.com/cnoe-io/argocd-api/api/argo/application
github.com/google/go-cmp/cmp/internal/flags
google.golang.org/grpc/serviceconfig
google.golang.org/protobuf/internal/flags
google.golang.org/protobuf/internal/set
sigs.k8s.io/kustomize/kyaml/ext
sigs.k8s.io/kustomize/kyaml/sets
sigs.k8s.io/kustomize/kyaml/sliceutil
sigs.k8s.io/kustomize/kyaml/yaml/internal/k8sgen/pkg/selection
golang.org/x/crypto/internal/alias
github.com/ProtonMail/go-crypto/internal/byteutil
image/color
github.com/pjbgf/sha1cd/internal
github.com/pjbgf/sha1cd/ubc
github.com/go-git/go-git/v5/plumbing/color
github.com/golang/groupcache/lru
sigs.k8s.io/kind/pkg/apis/config/defaults
sigs.k8s.io/kind/pkg/cluster/constants
sigs.k8s.io/kind/pkg/log
golang.org/x/exp/maps
k8s.io/utils/buffer
github.com/cnoe-io/idpbuilder/pkg/printer/types
github.com/google/go-containerregistry/pkg/v1/types
github.com/klauspost/compress
github.com/klauspost/compress/internal/le
github.com/google/go-containerregistry/pkg/compression
github.com/docker/cli/cli/config/types
internal/reflectlite
sync
errors
internal/oserror
internal/bisect
syscall
internal/godebug
iter
strconv
reflect
time
context
slices
io
path
io/fs
internal/filepathlite
internal/syscall/unix
internal/poll
internal/syscall/execenv
internal/testlog
os
internal/fmtsort
bytes
encoding/binary
encoding/base64
strings
fmt
bufio
sort
github.com/cnoe-io/idpbuilder/globals
encoding/json
log
github.com/gogo/protobuf/sortkeys
math/rand
github.com/google/gofuzz/bytesource
regexp/syntax
github.com/gogo/protobuf/proto
regexp
github.com/google/gofuzz
math/big
gopkg.in/inf.v0
k8s.io/apimachinery/third_party/forked/golang/reflect
k8s.io/apimachinery/pkg/conversion
k8s.io/apimachinery/pkg/fields
k8s.io/apimachinery/pkg/util/sets
k8s.io/apimachinery/pkg/util/errors
k8s.io/apimachinery/pkg/util/validation/field
vendor/golang.org/x/net/dns/dnsmessage
k8s.io/apimachinery/pkg/api/resource
internal/singleflight
weak
unique
runtime/cgo
net/netip
flag
log/slog/internal/buffer
log/slog
github.com/go-logr/logr
k8s.io/klog/v2/internal/severity
k8s.io/klog/v2/internal/buffer
k8s.io/klog/v2/internal/clock
k8s.io/klog/v2/internal/dbg
k8s.io/klog/v2/internal/serialize
k8s.io/klog/v2/internal/sloghandler
path/filepath
go/token
go/scanner
net
os/user
k8s.io/klog/v2
go/ast
go/doc/comment
internal/lazyregexp
go/doc
go/build/constraint
go/parser
k8s.io/utils/internal/third_party/forked/golang/net
k8s.io/utils/net
maps
net/url
k8s.io/apimachinery/pkg/util/validation
k8s.io/apimachinery/pkg/labels
k8s.io/apimachinery/pkg/conversion/queryparams
k8s.io/apimachinery/pkg/runtime/schema
sigs.k8s.io/json/internal/golang/encoding/json
runtime/debug
k8s.io/apimachinery/pkg/util/naming
compress/flate
hash
hash/crc32
compress/gzip
crypto
crypto/internal/fips140deps/godebug
crypto/internal/fips140
crypto/internal/impl
crypto/internal/fips140/sha256
sigs.k8s.io/json
k8s.io/apimachinery/pkg/util/json
crypto/internal/fips140/sha3
crypto/internal/fips140/sha512
crypto/internal/sysrand
crypto/internal/fips140/hmac
crypto/internal/entropy
math/rand/v2
crypto/internal/fips140/check
crypto/internal/fips140/aes
crypto/internal/randutil
crypto/subtle
crypto/internal/fips140/nistec/fiat
crypto/internal/fips140/drbg
crypto/internal/fips140/aes/gcm
crypto/internal/fips140only
crypto/cipher
crypto/internal/boring
crypto/rand
crypto/aes
crypto/des
crypto/internal/fips140/edwards25519/field
crypto/internal/boring/bbig
crypto/internal/fips140/nistec
crypto/internal/fips140/bigmod
crypto/sha3
crypto/internal/fips140hash
crypto/sha512
encoding/asn1
vendor/golang.org/x/crypto/cryptobyte
crypto/internal/fips140/ecdh
crypto/elliptic
crypto/ecdh
crypto/internal/fips140/ecdsa
crypto/internal/fips140/edwards25519
crypto/ecdsa
crypto/internal/fips140/ed25519
crypto/ed25519
crypto/hmac
crypto/internal/fips140/hkdf
crypto/internal/fips140/mlkem
crypto/internal/fips140/tls12
crypto/internal/fips140/tls13
vendor/golang.org/x/crypto/chacha20
vendor/golang.org/x/crypto/internal/poly1305
crypto/md5
vendor/golang.org/x/crypto/chacha20poly1305
crypto/internal/hpke
crypto/rc4
crypto/internal/fips140/rsa
crypto/sha1
crypto/sha256
crypto/tls/internal/fips140tls
crypto/dsa
encoding/hex
crypto/rsa
crypto/x509/pkix
encoding/pem
vendor/golang.org/x/text/transform
crypto/x509
vendor/golang.org/x/text/unicode/bidi
vendor/golang.org/x/text/secure/bidirule
vendor/golang.org/x/text/unicode/norm
vendor/golang.org/x/net/idna
crypto/tls
net/textproto
vendor/golang.org/x/net/http/httpguts
vendor/golang.org/x/net/http/httpproxy
vendor/golang.org/x/net/http2/hpack
mime
mime/quotedprintable
mime/multipart
net/http/internal
net/http/internal/ascii
io/ioutil
github.com/modern-go/concurrent
github.com/modern-go/reflect2
net/http/httptrace
net/http
github.com/json-iterator/go
gopkg.in/yaml.v2
sigs.k8s.io/structured-merge-diff/v4/value
k8s.io/apimachinery/pkg/util/intstr
golang.org/x/text/transform
golang.org/x/text/unicode/bidi
golang.org/x/text/secure/bidirule
golang.org/x/text/unicode/norm
k8s.io/apimachinery/pkg/util/runtime
k8s.io/apimachinery/pkg/runtime
golang.org/x/net/idna
golang.org/x/net/http/httpguts
golang.org/x/net/http2/hpack
golang.org/x/net/internal/httpcommon
golang.org/x/net/http2
embed
github.com/google/go-cmp/cmp/internal/diff
github.com/google/go-cmp/cmp/internal/function
github.com/google/go-cmp/cmp/internal/value
github.com/google/go-cmp/cmp
golang.org/x/sys/unix
k8s.io/apimachinery/pkg/util/net
k8s.io/apimachinery/pkg/watch
k8s.io/apimachinery/pkg/apis/meta/v1
github.com/sirupsen/logrus
google.golang.org/grpc/grpclog/internal
google.golang.org/grpc/grpclog
google.golang.org/grpc/connectivity
google.golang.org/grpc/internal
google.golang.org/grpc/codes
hash/fnv
google.golang.org/protobuf/internal/detrand
google.golang.org/protobuf/internal/errors
google.golang.org/protobuf/encoding/protowire
google.golang.org/protobuf/internal/pragma
google.golang.org/protobuf/reflect/protoreflect
google.golang.org/protobuf/internal/descfmt
google.golang.org/protobuf/internal/descopts
google.golang.org/protobuf/internal/editiondefaults
google.golang.org/protobuf/internal/strs
google.golang.org/protobuf/internal/encoding/text
sigs.k8s.io/controller-runtime/pkg/scheme
github.com/cnoe-io/idpbuilder/api/v1alpha1
k8s.io/apimachinery/pkg/apis/meta/v1/unstructured
google.golang.org/protobuf/internal/encoding/defval
google.golang.org/protobuf/internal/encoding/messageset
github.com/cnoe-io/argocd-api/api/argo/gitops-engine
google.golang.org/protobuf/internal/genid
google.golang.org/protobuf/internal/order
google.golang.org/protobuf/reflect/protoregistry
google.golang.org/protobuf/runtime/protoiface
google.golang.org/protobuf/internal/protolazy
google.golang.org/protobuf/internal/version
k8s.io/api/core/v1
google.golang.org/protobuf/proto
google.golang.org/protobuf/internal/filedesc
google.golang.org/protobuf/encoding/prototext
google.golang.org/protobuf/internal/encoding/tag
google.golang.org/protobuf/internal/impl
google.golang.org/protobuf/internal/filetype
google.golang.org/protobuf/runtime/protoimpl
google.golang.org/protobuf/types/known/anypb
google.golang.org/genproto/googleapis/rpc/status
google.golang.org/protobuf/protoadapt
google.golang.org/grpc/internal/status
google.golang.org/grpc/status
k8s.io/apiextensions-apiserver/pkg/apis/apiextensions
k8s.io/apimachinery/pkg/api/equality
k8s.io/utils/ptr
k8s.io/utils/pointer
k8s.io/apiextensions-apiserver/pkg/apis/apiextensions/v1
sigs.k8s.io/yaml/goyaml.v2
sigs.k8s.io/yaml
text/template/parse
text/template
github.com/cnoe-io/idpbuilder/pkg/util/files
github.com/cnoe-io/idpbuilder/pkg/util/fs
k8s.io/api/admissionregistration/v1
k8s.io/api/rbac/v1
github.com/cnoe-io/argocd-api/api/argo/application/v1alpha1
k8s.io/api/apps/v1
k8s.io/api/batch/v1
k8s.io/api/networking/v1
k8s.io/apimachinery/pkg/api/errors
k8s.io/apimachinery/pkg/runtime/serializer/recognizer
k8s.io/apimachinery/pkg/util/framer
k8s.io/apimachinery/pkg/util/yaml
k8s.io/apimachinery/pkg/runtime/serializer/json
k8s.io/apimachinery/pkg/runtime/serializer/protobuf
k8s.io/apimachinery/pkg/runtime/serializer/versioning
k8s.io/apimachinery/pkg/runtime/serializer
github.com/evanphx/json-patch/v5/internal/json
github.com/pkg/errors
k8s.io/apimachinery/pkg/api/meta
github.com/davecgh/go-spew/spew
github.com/evanphx/json-patch/v5
k8s.io/apimachinery/pkg/util/dump
k8s.io/apimachinery/pkg/util/mergepatch
k8s.io/apimachinery/third_party/forked/golang/json
google.golang.org/protobuf/types/descriptorpb
github.com/golang/protobuf/ptypes/any
google.golang.org/protobuf/types/known/durationpb
github.com/golang/protobuf/ptypes/duration
google.golang.org/protobuf/types/known/timestamppb
github.com/golang/protobuf/ptypes/timestamp
gopkg.in/yaml.v3
google.golang.org/protobuf/internal/editionssupport
google.golang.org/protobuf/types/gofeaturespb
google.golang.org/protobuf/reflect/protodesc
github.com/golang/protobuf/proto
github.com/google/gnostic-models/jsonschema
github.com/golang/protobuf/ptypes
os/exec
github.com/google/gnostic-models/extensions
github.com/josharian/intern
github.com/google/gnostic-models/compiler
github.com/mailru/easyjson/jlexer
github.com/mailru/easyjson/buffer
github.com/google/gnostic-models/openapiv2
github.com/google/gnostic-models/openapiv3
github.com/mailru/easyjson/jwriter
github.com/go-openapi/swag
k8s.io/kube-openapi/pkg/util/proto
github.com/go-openapi/jsonreference/internal
encoding/base32
k8s.io/kube-openapi/pkg/internal/third_party/go-json-experiment/json
github.com/go-openapi/jsonpointer
github.com/go-openapi/jsonreference
k8s.io/api/admissionregistration/v1alpha1
k8s.io/api/admissionregistration/v1beta1
k8s.io/kube-openapi/pkg/internal
k8s.io/api/apiserverinternal/v1alpha1
k8s.io/kube-openapi/pkg/validation/spec
k8s.io/api/apps/v1beta1
k8s.io/apimachinery/pkg/util/strategicpatch
k8s.io/api/apps/v1beta2
k8s.io/api/authentication/v1
k8s.io/api/authentication/v1alpha1
k8s.io/api/authentication/v1beta1
k8s.io/api/authorization/v1
k8s.io/api/authorization/v1beta1
k8s.io/api/autoscaling/v1
k8s.io/api/autoscaling/v2
k8s.io/api/autoscaling/v2beta1
k8s.io/api/autoscaling/v2beta2
k8s.io/api/batch/v1beta1
k8s.io/api/certificates/v1
k8s.io/api/certificates/v1alpha1
k8s.io/api/certificates/v1beta1
k8s.io/api/coordination/v1
k8s.io/api/coordination/v1beta1
k8s.io/api/discovery/v1
k8s.io/api/discovery/v1beta1
k8s.io/api/events/v1
k8s.io/api/events/v1beta1
k8s.io/api/extensions/v1beta1
k8s.io/api/flowcontrol/v1
k8s.io/api/flowcontrol/v1beta1
k8s.io/api/flowcontrol/v1beta2
k8s.io/api/flowcontrol/v1beta3
k8s.io/api/networking/v1alpha1
k8s.io/api/networking/v1beta1
k8s.io/api/node/v1
k8s.io/api/node/v1alpha1
k8s.io/api/node/v1beta1
k8s.io/api/policy/v1
k8s.io/api/policy/v1beta1
k8s.io/api/rbac/v1alpha1
k8s.io/api/rbac/v1beta1
k8s.io/api/resource/v1alpha2
k8s.io/api/scheduling/v1
k8s.io/api/scheduling/v1alpha1
k8s.io/api/scheduling/v1beta1
k8s.io/api/storage/v1
k8s.io/api/storage/v1alpha1
k8s.io/api/storage/v1beta1
k8s.io/api/storagemigration/v1alpha1
k8s.io/apimachinery/pkg/apis/meta/v1beta1
k8s.io/apimachinery/pkg/apis/meta/internalversion
k8s.io/client-go/kubernetes/scheme
k8s.io/apimachinery/pkg/apis/meta/internalversion/scheme
k8s.io/apimachinery/pkg/runtime/serializer/streaming
k8s.io/client-go/pkg/apis/clientauthentication
k8s.io/apimachinery/pkg/version
k8s.io/client-go/pkg/version
golang.org/x/term
k8s.io/client-go/pkg/apis/clientauthentication/v1
k8s.io/client-go/pkg/apis/clientauthentication/v1beta1
k8s.io/client-go/tools/clientcmd/api
k8s.io/client-go/pkg/apis/clientauthentication/install
k8s.io/client-go/tools/metrics
golang.org/x/oauth2/internal
k8s.io/utils/clock
k8s.io/apimachinery/pkg/util/wait
golang.org/x/oauth2
k8s.io/client-go/util/connrotation
container/heap
golang.org/x/time/rate
k8s.io/client-go/rest/watch
k8s.io/client-go/util/keyutil
k8s.io/client-go/util/workqueue
k8s.io/client-go/util/cert
k8s.io/utils/clock/testing
k8s.io/client-go/transport
k8s.io/client-go/util/flowcontrol
k8s.io/api/apidiscovery/v2
k8s.io/client-go/plugin/pkg/client/auth/exec
k8s.io/api/apidiscovery/v2beta1
k8s.io/client-go/rest
k8s.io/apimachinery/pkg/apis/meta/v1/validation
k8s.io/apimachinery/pkg/api/validation
k8s.io/client-go/metadata
sigs.k8s.io/structured-merge-diff/v4/schema
k8s.io/kube-openapi/pkg/schemaconv
sigs.k8s.io/structured-merge-diff/v4/fieldpath
database/sql/driver
github.com/google/uuid
sigs.k8s.io/structured-merge-diff/v4/typed
github.com/munnerz/goautoneg
k8s.io/kube-openapi/pkg/cached
hash/adler32
compress/zlib
encoding/xml
sigs.k8s.io/structured-merge-diff/v4/merge
k8s.io/apimachinery/pkg/util/managedfields/internal
github.com/emicklei/go-restful/v3/log
github.com/emicklei/go-restful/v3
k8s.io/apimachinery/pkg/util/managedfields
k8s.io/kube-openapi/pkg/spec3
k8s.io/client-go/dynamic
sigs.k8s.io/controller-runtime/pkg/log
github.com/monochromegane/go-gitignore
github.com/xlab/treeprint
github.com/go-errors/errors
k8s.io/kube-openapi/pkg/common
sigs.k8s.io/kustomize/kyaml/errors
sigs.k8s.io/kustomize/kyaml/filesys
sigs.k8s.io/kustomize/kyaml/utils
sigs.k8s.io/kustomize/kyaml/yaml/internal/k8sgen/pkg/util/sets
k8s.io/kube-openapi/pkg/handler3
sigs.k8s.io/kustomize/kyaml/yaml/internal/k8sgen/pkg/util/errors
sigs.k8s.io/kustomize/kyaml/yaml/internal/k8sgen/pkg/util/validation/field
sigs.k8s.io/kustomize/kyaml/yaml/internal/k8sgen/pkg/util/validation
sigs.k8s.io/kustomize/kyaml/yaml/internal/k8sgen/pkg/labels
sigs.k8s.io/yaml/goyaml.v3
k8s.io/client-go/openapi
k8s.io/client-go/discovery
k8s.io/client-go/restmapper
sigs.k8s.io/controller-runtime/pkg/client/apiutil
sigs.k8s.io/controller-runtime/pkg/client
sigs.k8s.io/kustomize/kyaml/yaml
golang.org/x/crypto/blake2b
golang.org/x/crypto/blake2s
golang.org/x/crypto/ed25519
golang.org/x/crypto/ripemd160
sigs.k8s.io/kustomize/kyaml/kio/kioutil
golang.org/x/sys/cpu
sigs.k8s.io/kustomize/kyaml/kio
golang.org/x/crypto/sha3
crypto/mlkem
golang.org/x/crypto/chacha20
golang.org/x/crypto/curve25519
golang.org/x/crypto/internal/poly1305
golang.org/x/crypto/blowfish
github.com/cnoe-io/idpbuilder/pkg/k8s
golang.org/x/crypto/ssh/internal/bcrypt_pbkdf
golang.org/x/crypto/ssh
github.com/hashicorp/go-version
github.com/go-git/go-billy/v5
github.com/go-git/go-billy/v5/helper/polyfill
github.com/go-git/go-billy/v5/helper/chroot
github.com/go-git/go-billy/v5/util
github.com/go-git/go-billy/v5/memfs
dario.cat/mergo
github.com/ProtonMail/go-crypto/openpgp/errors
github.com/ProtonMail/go-crypto/openpgp/armor
github.com/ProtonMail/go-crypto/openpgp/aes/keywrap
github.com/ProtonMail/go-crypto/eax
github.com/ProtonMail/go-crypto/ocb
golang.org/x/crypto/cast5
github.com/ProtonMail/go-crypto/openpgp/internal/algorithm
github.com/ProtonMail/go-crypto/bitcurves
github.com/ProtonMail/go-crypto/brainpool
github.com/ProtonMail/go-crypto/openpgp/internal/encoding
github.com/cloudflare/circl/internal/conv
github.com/cloudflare/circl/math/fp25519
github.com/cloudflare/circl/dh/x25519
github.com/cloudflare/circl/math/fp448
github.com/cloudflare/circl/dh/x448
github.com/cloudflare/circl/math
github.com/cloudflare/circl/sign
github.com/cloudflare/circl/sign/ed25519
github.com/go-fed/httpsig
golang.org/x/crypto/ssh/agent
github.com/cloudflare/circl/math/mlsbset
github.com/cloudflare/circl/ecc/goldilocks
code.gitea.io/sdk/gitea
github.com/cloudflare/circl/internal/sha3
github.com/cloudflare/circl/sign/ed448
github.com/ProtonMail/go-crypto/openpgp/internal/ecc
github.com/ProtonMail/go-crypto/openpgp/ecdh
github.com/ProtonMail/go-crypto/openpgp/ecdsa
github.com/ProtonMail/go-crypto/openpgp/eddsa
compress/bzip2
github.com/ProtonMail/go-crypto/openpgp/elgamal
golang.org/x/crypto/argon2
github.com/ProtonMail/go-crypto/openpgp/s2k
golang.org/x/crypto/hkdf
image
image/internal/imageutil
image/jpeg
github.com/cyphar/filepath-securejoin
github.com/go-git/go-billy/v5/osfs
github.com/ProtonMail/go-crypto/openpgp/packet
github.com/go-git/go-git/v5/internal/url
github.com/pjbgf/sha1cd
github.com/go-git/go-git/v5/plumbing/hash
github.com/go-git/go-git/v5/plumbing
internal/saferio
encoding/gob
github.com/ProtonMail/go-crypto/openpgp
github.com/go-git/gcfg/token
github.com/go-git/gcfg/scanner
github.com/go-git/gcfg/types
gopkg.in/warnings.v0
github.com/go-git/go-git/v5/internal/path_util
github.com/go-git/go-git/v5/internal/revision
github.com/go-git/go-git/v5/plumbing/cache
github.com/go-git/go-git/v5/plumbing/filemode
golang.org/x/net/context
github.com/jbenet/go-context/io
github.com/go-git/go-git/v5/utils/ioutil
github.com/go-git/gcfg
github.com/go-git/go-git/v5/utils/binary
github.com/go-git/go-git/v5/plumbing/format/index
github.com/go-git/go-git/v5/plumbing/format/config
github.com/go-git/go-git/v5/plumbing/format/idxfile
github.com/go-git/go-git/v5/config
github.com/go-git/go-git/v5/plumbing/format/gitignore
github.com/go-git/go-git/v5/plumbing/storer
github.com/go-git/go-git/v5/utils/sync
github.com/emirpasic/gods/utils
github.com/go-git/go-git/v5/plumbing/format/packfile
github.com/emirpasic/gods/containers
github.com/emirpasic/gods/lists
github.com/emirpasic/gods/lists/arraylist
github.com/emirpasic/gods/trees
github.com/emirpasic/gods/trees/binaryheap
github.com/go-git/go-git/v5/plumbing/format/diff
github.com/go-git/go-git/v5/storage
html
github.com/sergi/go-diff/diffmatchpatch
github.com/go-git/go-git/v5/utils/merkletrie/noder
github.com/go-git/go-git/v5/utils/merkletrie/internal/frame
github.com/go-git/go-git/v5/utils/merkletrie
github.com/go-git/go-git/v5/utils/trace
github.com/go-git/go-git/v5/plumbing/format/pktline
github.com/go-git/go-git/v5/plumbing/protocol/packp/capability
github.com/go-git/go-git/v5/utils/diff
github.com/go-git/go-git/v5/plumbing/protocol/packp/sideband
github.com/go-git/go-git/v5/plumbing/object
github.com/go-git/go-git/v5/storage/memory
github.com/go-git/go-git/v5/plumbing/protocol/packp
github.com/go-git/go-git/v5/plumbing/transport
github.com/go-git/go-git/v5/plumbing/transport/internal/common
github.com/go-git/go-git/v5/plumbing/revlist
github.com/go-git/go-git/v5/plumbing/format/objfile
golang.org/x/sys/execabs
github.com/go-git/go-git/v5/storage/filesystem/dotgit
github.com/go-git/go-git/v5/plumbing/transport/git
github.com/go-git/go-git/v5/plumbing/transport/http
github.com/kevinburke/ssh_config
github.com/go-git/go-git/v5/storage/filesystem
golang.org/x/crypto/ssh/knownhosts
github.com/go-git/go-git/v5/plumbing/transport/server
github.com/skeema/knownhosts
github.com/xanzy/ssh-agent
golang.org/x/net/internal/socks
github.com/go-git/go-git/v5/plumbing/transport/file
github.com/go-git/go-git/v5/utils/merkletrie/filesystem
golang.org/x/net/proxy
github.com/go-git/go-git/v5/utils/merkletrie/index
github.com/imdario/mergo
github.com/go-git/go-git/v5/plumbing/transport/ssh
encoding/csv
github.com/go-git/go-git/v5/plumbing/transport/client
github.com/go-git/go-git/v5
github.com/spf13/pflag
k8s.io/client-go/tools/auth
k8s.io/client-go/tools/clientcmd/api/v1
k8s.io/client-go/util/homedir
sigs.k8s.io/kind/pkg/internal/sets
sigs.k8s.io/kind/pkg/errors
k8s.io/client-go/tools/clientcmd/api/latest
sigs.k8s.io/kind/pkg/apis/config/v1alpha4
k8s.io/client-go/tools/clientcmd
al.essio.dev/pkg/shellescape
sigs.k8s.io/kind/pkg/exec
sigs.k8s.io/kind/pkg/cluster/nodes
sigs.k8s.io/kind/pkg/internal/apis/config
github.com/mattn/go-isatty
sigs.k8s.io/kind/pkg/internal/env
sigs.k8s.io/kind/pkg/internal/cli
sigs.k8s.io/kind/pkg/internal/version
sigs.k8s.io/kind/pkg/cluster/internal/providers
sigs.k8s.io/kind/pkg/cluster/internal/create/actions
sigs.k8s.io/kind/pkg/cluster/internal/kubeadm
sigs.k8s.io/kind/pkg/cluster/internal/providers/common
github.com/pelletier/go-toml
github.com/BurntSushi/toml/internal
github.com/BurntSushi/toml
sigs.k8s.io/kind/pkg/cluster/internal/loadbalancer
sigs.k8s.io/kind/pkg/cluster/internal/kubeconfig/internal/kubeconfig
sigs.k8s.io/kind/pkg/internal/apis/config/encoding
archive/tar
sigs.k8s.io/kind/pkg/cluster/nodeutils
sigs.k8s.io/kind/pkg/internal/patch
sigs.k8s.io/kind/pkg/cluster/internal/create/actions/config
sigs.k8s.io/kind/pkg/cluster/internal/create/actions/installcni
sigs.k8s.io/kind/pkg/cluster/internal/create/actions/installstorage
sigs.k8s.io/kind/pkg/cluster/internal/create/actions/kubeadminit
sigs.k8s.io/kind/pkg/cluster/internal/create/actions/kubeadmjoin
sigs.k8s.io/kind/pkg/cluster/internal/create/actions/loadbalancer
sigs.k8s.io/kind/pkg/cluster/internal/create/actions/waitforready
sigs.k8s.io/kind/pkg/cluster/internal/kubeconfig
sigs.k8s.io/kind/pkg/cluster/internal/delete
sigs.k8s.io/kind/pkg/cluster/internal/create
sigs.k8s.io/kind/pkg/cluster/internal/logs
sigs.k8s.io/kind/pkg/fs
github.com/spf13/cobra
sigs.k8s.io/kind/pkg/cluster/internal/providers/docker
sigs.k8s.io/kind/pkg/cluster/internal/providers/nerdctl
sigs.k8s.io/kind/pkg/cluster/internal/providers/podman
sigs.k8s.io/kind/pkg/cmd
sigs.k8s.io/kind/pkg/cmd/kind/version
k8s.io/client-go/tools/internal/events
k8s.io/client-go/tools/record/util
sigs.k8s.io/kind/pkg/cluster
k8s.io/client-go/tools/reference
github.com/cnoe-io/idpbuilder/pkg/util
k8s.io/client-go/tools/record
k8s.io/apimachinery/pkg/util/uuid
expvar
github.com/beorn7/perks/quantile
github.com/cespare/xxhash/v2
github.com/prometheus/client_model/go
github.com/prometheus/common/model
runtime/metrics
github.com/matttproud/golang_protobuf_extensions/v2/pbutil
github.com/prometheus/common/internal/bitbucket.org/ww/goautoneg
github.com/prometheus/procfs/internal/fs
github.com/prometheus/procfs/internal/util
github.com/prometheus/client_golang/prometheus/internal
github.com/prometheus/common/expfmt
github.com/prometheus/procfs
database/sql
k8s.io/client-go/applyconfigurations/internal
k8s.io/client-go/applyconfigurations/meta/v1
k8s.io/client-go/applyconfigurations/admissionregistration/v1
github.com/prometheus/client_golang/prometheus
k8s.io/client-go/kubernetes/typed/admissionregistration/v1
k8s.io/client-go/applyconfigurations/admissionregistration/v1alpha1
k8s.io/client-go/kubernetes/typed/admissionregistration/v1alpha1
k8s.io/client-go/applyconfigurations/admissionregistration/v1beta1
github.com/prometheus/client_golang/prometheus/collectors
k8s.io/client-go/applyconfigurations/apiserverinternal/v1alpha1
k8s.io/client-go/kubernetes/typed/admissionregistration/v1beta1
k8s.io/client-go/kubernetes/typed/apiserverinternal/v1alpha1
k8s.io/client-go/applyconfigurations/core/v1
k8s.io/client-go/applyconfigurations/autoscaling/v1
k8s.io/client-go/kubernetes/typed/authentication/v1
k8s.io/client-go/kubernetes/typed/authentication/v1alpha1
k8s.io/client-go/kubernetes/typed/authentication/v1beta1
k8s.io/client-go/kubernetes/typed/authorization/v1
k8s.io/client-go/kubernetes/typed/authorization/v1beta1
k8s.io/client-go/kubernetes/typed/autoscaling/v1
k8s.io/client-go/applyconfigurations/autoscaling/v2
k8s.io/client-go/kubernetes/typed/autoscaling/v2
k8s.io/client-go/applyconfigurations/autoscaling/v2beta1
k8s.io/client-go/applyconfigurations/apps/v1
k8s.io/client-go/applyconfigurations/apps/v1beta1
k8s.io/client-go/kubernetes/typed/apps/v1beta1
k8s.io/client-go/kubernetes/typed/apps/v1
k8s.io/client-go/applyconfigurations/apps/v1beta2
k8s.io/client-go/kubernetes/typed/autoscaling/v2beta1
k8s.io/client-go/applyconfigurations/autoscaling/v2beta2
k8s.io/client-go/kubernetes/typed/apps/v1beta2
k8s.io/client-go/kubernetes/typed/autoscaling/v2beta2
k8s.io/client-go/applyconfigurations/batch/v1
k8s.io/client-go/applyconfigurations/certificates/v1
k8s.io/client-go/kubernetes/typed/certificates/v1
k8s.io/client-go/kubernetes/typed/batch/v1
k8s.io/client-go/applyconfigurations/batch/v1beta1
k8s.io/client-go/applyconfigurations/certificates/v1alpha1
k8s.io/client-go/kubernetes/typed/batch/v1beta1
k8s.io/client-go/kubernetes/typed/certificates/v1alpha1
k8s.io/client-go/applyconfigurations/certificates/v1beta1
k8s.io/client-go/applyconfigurations/coordination/v1
k8s.io/client-go/kubernetes/typed/coordination/v1
k8s.io/client-go/kubernetes/typed/certificates/v1beta1
k8s.io/client-go/applyconfigurations/coordination/v1beta1
k8s.io/client-go/kubernetes/typed/core/v1
k8s.io/client-go/kubernetes/typed/coordination/v1beta1
k8s.io/client-go/applyconfigurations/discovery/v1
k8s.io/client-go/kubernetes/typed/discovery/v1
k8s.io/client-go/applyconfigurations/discovery/v1beta1
k8s.io/client-go/applyconfigurations/events/v1
k8s.io/client-go/kubernetes/typed/discovery/v1beta1
k8s.io/client-go/kubernetes/typed/events/v1
k8s.io/client-go/applyconfigurations/events/v1beta1
k8s.io/client-go/applyconfigurations/extensions/v1beta1
k8s.io/client-go/kubernetes/typed/events/v1beta1
k8s.io/client-go/applyconfigurations/flowcontrol/v1
k8s.io/client-go/kubernetes/typed/extensions/v1beta1
k8s.io/client-go/kubernetes/typed/flowcontrol/v1
k8s.io/client-go/applyconfigurations/flowcontrol/v1beta1
k8s.io/client-go/applyconfigurations/flowcontrol/v1beta2
k8s.io/client-go/kubernetes/typed/flowcontrol/v1beta1
k8s.io/client-go/kubernetes/typed/flowcontrol/v1beta2
k8s.io/client-go/applyconfigurations/flowcontrol/v1beta3
k8s.io/client-go/applyconfigurations/networking/v1
k8s.io/client-go/kubernetes/typed/flowcontrol/v1beta3
k8s.io/client-go/applyconfigurations/networking/v1alpha1
k8s.io/client-go/kubernetes/typed/networking/v1
k8s.io/client-go/applyconfigurations/networking/v1beta1
k8s.io/client-go/kubernetes/typed/networking/v1alpha1
k8s.io/client-go/applyconfigurations/node/v1
k8s.io/client-go/kubernetes/typed/networking/v1beta1
k8s.io/client-go/kubernetes/typed/node/v1
k8s.io/client-go/applyconfigurations/node/v1alpha1
k8s.io/client-go/applyconfigurations/node/v1beta1
k8s.io/client-go/kubernetes/typed/node/v1alpha1
k8s.io/client-go/kubernetes/typed/node/v1beta1
k8s.io/client-go/applyconfigurations/policy/v1
k8s.io/client-go/applyconfigurations/policy/v1beta1
k8s.io/client-go/kubernetes/typed/policy/v1
k8s.io/client-go/kubernetes/typed/policy/v1beta1
k8s.io/client-go/applyconfigurations/rbac/v1
k8s.io/client-go/applyconfigurations/rbac/v1alpha1
k8s.io/client-go/kubernetes/typed/rbac/v1
k8s.io/client-go/kubernetes/typed/rbac/v1alpha1
k8s.io/client-go/applyconfigurations/rbac/v1beta1
k8s.io/client-go/applyconfigurations/resource/v1alpha2
k8s.io/client-go/kubernetes/typed/rbac/v1beta1
k8s.io/client-go/applyconfigurations/scheduling/v1
k8s.io/client-go/kubernetes/typed/resource/v1alpha2
k8s.io/client-go/kubernetes/typed/scheduling/v1
k8s.io/client-go/applyconfigurations/scheduling/v1alpha1
k8s.io/client-go/applyconfigurations/scheduling/v1beta1
k8s.io/client-go/kubernetes/typed/scheduling/v1alpha1
k8s.io/client-go/kubernetes/typed/scheduling/v1beta1
k8s.io/client-go/applyconfigurations/storage/v1
k8s.io/client-go/applyconfigurations/storage/v1alpha1
k8s.io/client-go/kubernetes/typed/storage/v1alpha1
k8s.io/client-go/kubernetes/typed/storage/v1
k8s.io/client-go/applyconfigurations/storage/v1beta1
k8s.io/client-go/applyconfigurations/storagemigration/v1alpha1
k8s.io/client-go/kubernetes/typed/storagemigration/v1alpha1
k8s.io/client-go/kubernetes/typed/storage/v1beta1
sigs.k8s.io/controller-runtime/pkg/ratelimiter
sigs.k8s.io/controller-runtime/pkg/reconcile
k8s.io/apimachinery/pkg/util/cache
text/tabwriter
k8s.io/client-go/kubernetes
k8s.io/apimachinery/pkg/util/diff
k8s.io/client-go/features
k8s.io/client-go/tools/cache/synctrack
k8s.io/client-go/tools/pager
k8s.io/utils/trace
k8s.io/client-go/tools/cache
k8s.io/client-go/tools/leaderelection/resourcelock
sigs.k8s.io/controller-runtime/pkg/internal/field/selector
sigs.k8s.io/controller-runtime/pkg/internal/syncs
sigs.k8s.io/controller-runtime/pkg/cache/internal
k8s.io/client-go/tools/leaderelection
sigs.k8s.io/controller-runtime/pkg/metrics
sigs.k8s.io/controller-runtime/pkg/cache
sigs.k8s.io/controller-runtime/pkg/internal/controller/metrics
sigs.k8s.io/controller-runtime/pkg/event
sigs.k8s.io/controller-runtime/pkg/internal/log
sigs.k8s.io/controller-runtime/pkg/handler
sigs.k8s.io/controller-runtime/pkg/predicate
internal/profile
sigs.k8s.io/controller-runtime/pkg/internal/source
sigs.k8s.io/controller-runtime/pkg/source
sigs.k8s.io/controller-runtime/pkg/internal/controller
runtime/pprof
runtime/trace
sigs.k8s.io/controller-runtime/pkg/internal/recorder
sigs.k8s.io/controller-runtime/pkg/cluster
sigs.k8s.io/controller-runtime/pkg/config
sigs.k8s.io/controller-runtime/pkg/healthz
sigs.k8s.io/controller-runtime/pkg/internal/httpserver
sigs.k8s.io/controller-runtime/pkg/recorder
sigs.k8s.io/controller-runtime/pkg/leaderelection
net/http/pprof
github.com/prometheus/client_golang/prometheus/promhttp
github.com/fsnotify/fsnotify
sigs.k8s.io/controller-runtime/pkg/certwatcher/metrics
sigs.k8s.io/controller-runtime/pkg/certwatcher
gomodules.xyz/jsonpatch/v2
k8s.io/api/admission/v1
sigs.k8s.io/controller-runtime/pkg/metrics/server
k8s.io/api/admission/v1beta1
sigs.k8s.io/controller-runtime/pkg/webhook/internal/metrics
sigs.k8s.io/controller-runtime/pkg/conversion
sigs.k8s.io/controller-runtime/pkg/webhook/conversion
sigs.k8s.io/controller-runtime/pkg/client/config
sigs.k8s.io/controller-runtime/pkg/webhook/admission
sigs.k8s.io/controller-runtime/pkg/controller/controllerutil
os/signal
sigs.k8s.io/controller-runtime/pkg/webhook
sigs.k8s.io/controller-runtime/pkg/manager/signals
github.com/cnoe-io/idpbuilder/pkg/resources/localbuild
github.com/google/go-querystring/query
sigs.k8s.io/controller-runtime/pkg/manager
github.com/google/go-github/v61/github
sigs.k8s.io/controller-runtime/pkg/controller
sigs.k8s.io/controller-runtime/pkg/builder
sigs.k8s.io/controller-runtime
github.com/cnoe-io/idpbuilder/pkg/controllers/custompackage
github.com/cnoe-io/idpbuilder/pkg/controllers/localbuild
github.com/cnoe-io/idpbuilder/pkg/kind
github.com/cnoe-io/idpbuilder/pkg/logger
github.com/cnoe-io/idpbuilder/pkg/cmd/helpers
github.com/cnoe-io/idpbuilder/pkg/cmd/delete
github.com/liggitt/tabwriter
github.com/moby/term
k8s.io/apimachinery/pkg/util/duration
k8s.io/client-go/third_party/forked/golang/template
k8s.io/client-go/util/jsonpath
k8s.io/cli-runtime/pkg/printers
github.com/cnoe-io/idpbuilder/pkg/printer
github.com/cnoe-io/idpbuilder/pkg/cmd/get
github.com/cnoe-io/idpbuilder/pkg/cmd/version
github.com/opencontainers/go-digest
github.com/google/go-containerregistry/pkg/name
github.com/google/go-containerregistry/pkg/v1
github.com/google/go-containerregistry/internal/and
github.com/google/go-containerregistry/internal/gzip
github.com/klauspost/compress/fse
github.com/klauspost/compress/huff0
github.com/klauspost/compress/internal/snapref
github.com/klauspost/compress/zstd/internal/xxhash
github.com/klauspost/compress/zstd
github.com/cnoe-io/idpbuilder/pkg/controllers/gitrepository
github.com/cnoe-io/idpbuilder/pkg/controllers
github.com/google/go-containerregistry/internal/zstd
github.com/google/go-containerregistry/internal/compression
github.com/opencontainers/image-spec/specs-go
github.com/opencontainers/image-spec/specs-go/v1
github.com/google/go-containerregistry/pkg/v1/match
github.com/google/go-containerregistry/pkg/v1/partial
github.com/cnoe-io/idpbuilder/pkg/build
github.com/google/go-containerregistry/pkg/v1/empty
github.com/google/go-containerregistry/pkg/logs
github.com/google/go-containerregistry/pkg/v1/stream
github.com/cnoe-io/idpbuilder/pkg/cmd/create
github.com/containerd/stargz-snapshotter/estargz/errorutil
github.com/vbatts/tar-split/archive/tar
github.com/cnoe-io/idpbuilder/pkg/cmd
github.com/cnoe-io/idpbuilder
golang.org/x/sync/errgroup
internal/sysinfo
testing
github.com/containerd/stargz-snapshotter/estargz
github.com/google/go-containerregistry/internal/estargz
github.com/google/go-containerregistry/pkg/v1/tarball
github.com/google/go-containerregistry/pkg/v1/mutate
github.com/cnoe-io/idpbuilder/pkg/builder
github.com/google/go-containerregistry/internal/redact
github.com/google/go-containerregistry/internal/retry/wait
github.com/google/go-containerregistry/internal/retry
github.com/google/go-containerregistry/internal/verify
github.com/docker/docker-credential-helpers/credentials
github.com/docker/docker-credential-helpers/client
github.com/docker/cli/cli/config/credentials
github.com/docker/cli/cli/config/configfile
github.com/docker/cli/cli/config
github.com/mitchellh/go-homedir
github.com/google/go-containerregistry/pkg/authn
github.com/docker/distribution/registry/client/auth/challenge
net/http/httputil
github.com/google/go-containerregistry/pkg/v1/remote/transport
github.com/google/go-containerregistry/pkg/v1/remote
github.com/cnoe-io/idpbuilder/pkg/certs
github.com/cnoe-io/idpbuilder/pkg/cmd/build
github.com/cnoe-io/idpbuilder/pkg/registry
github.com/cnoe-io/idpbuilder/pkg/fallback
github.com/cnoe-io/idpbuilder/pkg/cmd/push
