Files to be removed (contamination):
./pkg/oci/types.go
./pkg/oci/flow_test.go
./pkg/oci/errors.go
./pkg/oci/auth.go
./pkg/oci/flow.go
./pkg/oci/auth_mock.go
./pkg/oci/testutil/helpers.go
./pkg/oci/testdata/fixtures.go
./pkg/oci/auth_test.go
./pkg/k8s/client.go
./pkg/k8s/deserialize.go
./pkg/k8s/deserialize_test.go
./pkg/k8s/util_test.go
./pkg/k8s/schema.go
./pkg/k8s/util.go
./pkg/kind/config_test.go
./pkg/kind/kindlogger.go
./pkg/kind/cluster_test.go
./pkg/kind/config.go
./pkg/kind/cluster.go
./pkg/cmd/get/secrets.go
./pkg/cmd/get/secrets_test.go
./pkg/cmd/get/clusters.go
./pkg/cmd/get/root.go
./pkg/cmd/get/packages.go
./pkg/cmd/version/root.go
./pkg/cmd/root.go
./pkg/cmd/push/push.go
./pkg/cmd/push/push_test.go
./pkg/cmd/create/root.go
./pkg/cmd/helpers/logger.go
./pkg/cmd/helpers/validation_test.go
./pkg/cmd/helpers/validation.go
./pkg/cmd/delete/root.go
./pkg/controllers/localbuild/nginx.go
./pkg/controllers/localbuild/gitea.go
./pkg/controllers/localbuild/gitea_test.go
./pkg/controllers/localbuild/argo_test.go
./pkg/controllers/localbuild/controller.go
./pkg/controllers/localbuild/installer.go
./pkg/controllers/localbuild/argo.go
./pkg/controllers/doc.go
./pkg/controllers/crd.go
./pkg/controllers/gitrepository/github.go
./pkg/controllers/gitrepository/controller_test.go
./pkg/controllers/gitrepository/gitea.go
./pkg/controllers/gitrepository/github_test.go
./pkg/controllers/gitrepository/controller.go
./pkg/controllers/gitrepository/git_repository.go
./pkg/controllers/custompackage/controller_test.go
./pkg/controllers/custompackage/controller.go
./pkg/controllers/run.go
./pkg/logger/handler.go
./pkg/resources/localbuild/application.go
./pkg/util/idp.go
./pkg/util/files/files.go
./pkg/util/k8s.go
./pkg/util/gitea.go
./pkg/util/git_repository_test.go
./pkg/util/util_test.go
./pkg/util/gitea_test.go
./pkg/util/fs/fs_test.go
./pkg/util/fs/fs.go
./pkg/util/url.go
./pkg/util/argocd.go
./pkg/util/util.go
./pkg/util/git_repository.go
./pkg/util/secret.go
./pkg/util/url_test.go
./pkg/build/tls_test.go
./pkg/build/tls.go
./pkg/build/coredns.go
./pkg/build/build_test.go
./pkg/build/build.go
./pkg/printer/types/internal_types.go
./pkg/printer/printer.go
./pkg/printer/cluster.go
./pkg/printer/package.go
./pkg/printer/secret.go
./cmd/push/root_test.go
./cmd/push/integration_test.go
./cmd/push/config.go
./cmd/push/test_harness.go
./cmd/push/root.go
./api/v1alpha1/zz_generated.deepcopy.go
./tests/e2e/docker/docker_test.go
./tests/e2e/e2e.go
