mode: set
github.com/cnoe-io/idpbuilder/pkg/progress/reporter.go:30.42,36.2 1 1
github.com/cnoe-io/idpbuilder/pkg/progress/reporter.go:40.67,46.13 4 1
github.com/cnoe-io/idpbuilder/pkg/progress/reporter.go:46.13,53.3 2 1
github.com/cnoe-io/idpbuilder/pkg/progress/reporter.go:56.2,58.62 3 1
github.com/cnoe-io/idpbuilder/pkg/progress/reporter.go:58.62,61.3 2 1
github.com/cnoe-io/idpbuilder/pkg/progress/reporter.go:64.2,64.15 1 1
github.com/cnoe-io/idpbuilder/pkg/progress/reporter.go:64.15,66.3 1 1
github.com/cnoe-io/idpbuilder/pkg/progress/reporter.go:66.8,68.3 1 1
github.com/cnoe-io/idpbuilder/pkg/progress/reporter.go:72.56,74.27 2 1
github.com/cnoe-io/idpbuilder/pkg/progress/reporter.go:74.27,76.3 1 1
github.com/cnoe-io/idpbuilder/pkg/progress/reporter.go:78.2,78.22 1 1
github.com/cnoe-io/idpbuilder/pkg/progress/reporter.go:79.19,81.63 2 1
github.com/cnoe-io/idpbuilder/pkg/progress/reporter.go:82.18,83.48 1 1
github.com/cnoe-io/idpbuilder/pkg/progress/reporter.go:84.16,85.56 1 1
github.com/cnoe-io/idpbuilder/pkg/progress/reporter.go:90.57,93.22 2 1
github.com/cnoe-io/idpbuilder/pkg/progress/reporter.go:94.19,97.22 3 1
github.com/cnoe-io/idpbuilder/pkg/progress/reporter.go:97.22,99.4 1 0
github.com/cnoe-io/idpbuilder/pkg/progress/reporter.go:100.3,104.46 4 1
github.com/cnoe-io/idpbuilder/pkg/progress/reporter.go:105.18,107.32 2 1
github.com/cnoe-io/idpbuilder/pkg/progress/reporter.go:107.32,109.4 1 1
github.com/cnoe-io/idpbuilder/pkg/progress/reporter.go:110.3,110.71 1 1
github.com/cnoe-io/idpbuilder/pkg/progress/reporter.go:111.16,112.69 1 0
github.com/cnoe-io/idpbuilder/pkg/progress/reporter.go:117.37,126.33 7 1
github.com/cnoe-io/idpbuilder/pkg/progress/reporter.go:126.33,128.33 2 1
github.com/cnoe-io/idpbuilder/pkg/progress/reporter.go:128.33,130.4 1 1
github.com/cnoe-io/idpbuilder/pkg/progress/reporter.go:130.9,130.38 1 1
github.com/cnoe-io/idpbuilder/pkg/progress/reporter.go:130.38,132.4 1 1
github.com/cnoe-io/idpbuilder/pkg/progress/reporter.go:135.2,137.32 3 1
github.com/cnoe-io/idpbuilder/pkg/progress/reporter.go:137.32,139.3 1 0
github.com/cnoe-io/idpbuilder/pkg/progress/reporter.go:141.2,146.52 6 1
github.com/cnoe-io/idpbuilder/pkg/progress/reporter.go:150.60,151.46 1 1
github.com/cnoe-io/idpbuilder/pkg/progress/reporter.go:151.46,153.3 1 1
