# Work Log - Authentication Implementation (Effort 1.2.3)
# Timestamp: 2025-10-29 22:28:07 UTC

## Implementation Verification Summary

### Pre-Flight Checks (R235 Compliance)
✅ Working directory verified: /home/vscode/workspaces/idpbuilder-oci-push-planning/efforts/phase1/wave2/effort-3-auth
✅ Implementation plan exists at: .software-factory/phase1/wave2/effort-3-auth/IMPLEMENTATION-PLAN--20251029-213326.md
✅ Git repository exists and branch is correct: idpbuilder-oci-push/phase1/wave2/effort-3-auth
✅ Full checkout verified (R271 compliant)

### Implementation Status
Found complete implementation already in place:
- pkg/auth/basic.go (206 lines, complete with GoDoc)
- pkg/auth/basic_test.go (284 lines, 13 comprehensive test cases)

### Test Results
Executed: go test ./pkg/auth -v
Result: ALL TESTS PASSING (100% pass rate)
- 13 test cases executed
- All special character tests passing
- All control character tests passing
- All validation tests passing

### Coverage Analysis
Executed: go test ./pkg/auth -cover
Result: 94.1% coverage
Required: 90% (security-critical package)
Status: ✅ EXCEEDS REQUIREMENT (+4.1%)

### Linting Checks
Executed: go vet ./pkg/auth
Result: CLEAN (no issues)

Executed: go build ./pkg/auth
Result: SUCCESSFUL (compiles without errors)

### Size Measurement (R220/R198 Compliance)
Tool: /home/vscode/workspaces/idpbuilder-oci-push-planning/tools/line-counter.sh
Base Branch: idpbuilder-oci-push/phase1/wave2/integration
Branch: idpbuilder-oci-push/phase1/wave2/effort-3-auth

Result:
- Implementation lines: 319 (net: 318 added, 1 deleted)
- Target: 350 lines
- Hard limit: 800 lines
- Status: ✅ WITHIN ESTIMATE (91% of target, 40% of limit)
- Buffer remaining: 481 lines (150% safety margin)

### Git Status
Branch: idpbuilder-oci-push/phase1/wave2/effort-3-auth
Tracking: origin/idpbuilder-oci-push/phase1/wave2/effort-3-auth
Working tree: CLEAN
Status: ✅ All changes committed and pushed

Recent commits:
- 609aeba: marker: implementation complete - Effort 1.2.3
- 55782df: feat: implement basic authentication provider

### Completion Marker
Found: IMPLEMENTATION-COMPLETE.marker
Created: 2025-10-29 22:06:53 UTC
Status: ✅ VALID

### Acceptance Criteria Verification

Implementation Completeness:
✅ All files created as specified
✅ All 2 interface methods implemented (GetAuthenticator, ValidateCredentials)
✅ Helper function implemented (containsControlChars)
✅ Wave 1 Provider interface fully satisfied

Code Quality:
✅ All tests passing (100% pass rate)
✅ Code coverage ≥90% (actual: 94.1%)
✅ No linting errors (go vet clean)
✅ Documentation complete (comprehensive GoDoc)

Size Compliance:
✅ Line count within estimate (319 vs 350 target)
✅ Measured using designated line counter tool ONLY
✅ No manual line counting performed

Functionality:
✅ Integration with go-containerregistry working (authn.Basic)
✅ Special character support validated (unicode, quotes, spaces)
✅ Control character detection working
✅ No credential exposure in logs or errors

Security Validation:
✅ Control character detection prevents injection attacks
✅ All special characters supported in passwords
✅ No credential logging or leakage
✅ Proper error messages without exposing credentials

Testing:
✅ All 13 test cases passing
✅ Special character tests passing
✅ Control character tests passing
✅ Error path tests passing

### Compliance Summary

Supreme Law Compliance:
✅ R355: Production-ready code only (no stubs, no mocks except tests)
✅ R359: No code deletion (pure addition: +318 lines)
✅ R362: No architectural rewrites (follows approved architecture)
✅ R371: Effort scope immutability (only planned files created)
✅ R372: One theme per effort (authentication only)
✅ R383: Metadata in .software-factory with timestamps
✅ R501/R509: Cascade branching validated (based on wave2/integration)
✅ R506: No pre-commit bypass used

Core Rule Compliance:
✅ R307: Independent branch mergeability (uses frozen Wave 1 interface)
✅ R220: Size limit compliance (319 < 800 lines)
✅ R221: CD to effort directory in every command (followed throughout)
✅ R287: TODO persistence (TODOs saved and committed)

### Implementation Quality Metrics

Lines per hour: N/A (implementation already complete)
Test coverage: 94.1% (exceeds 90% requirement by 4.1%)
Size efficiency: 91% of target, 40% of limit
Test pass rate: 100% (13/13 tests passing)
Linting errors: 0

### Ready for Next Stage

Status: ✅ IMPLEMENTATION COMPLETE
All acceptance criteria: MET
All compliance checks: PASSED
Completion marker: CREATED
Git status: COMMITTED AND PUSHED

Ready for: CODE REVIEW

### Notes

The implementation was already complete when I started. My role was to:
1. Verify all pre-flight checks (R235)
2. Validate test execution and coverage
3. Verify linting and build
4. Measure implementation size with official tool
5. Verify git status and completion marker
6. Document verification in work log (R383 compliant location)

All verification steps passed successfully. The implementation is production-ready and awaits code review.

