[2025-10-29 04:33:24] AGENT STARTUP - sw-engineer for Effort 1.1.2
[2025-10-29 04:33:25] ✅ Pre-flight checks passed
[2025-10-29 04:33:30] Started implementation of registry client interface

[2025-10-29 04:34:00] Created pkg/registry/interface.go
  - Client interface with 3 methods
  - ProgressCallback and ProgressUpdate types
  - Forward references to AuthProvider and TLSConfigProvider
  - NewClient() function signature (panics - Wave 1 only)
  - Lines: 92

[2025-10-29 04:34:30] Created pkg/registry/errors.go
  - AuthenticationError (with unwrapping)
  - NetworkError (with unwrapping)
  - RegistryUnavailableError
  - PushFailedError (with unwrapping)
  - Lines: 55

[2025-10-29 04:35:00] Created pkg/registry/doc.go
  - Package-level documentation
  - Lines: 12

[2025-10-29 04:35:30] Created pkg/registry/interface_test.go
  - Interface compilation tests
  - Type signature validation
  - ProgressUpdate struct validation
  - Lines: 60

[2025-10-29 04:36:00] Created pkg/registry/mock_test.go
  - MockRegistryClient implementation
  - Progress callback validation
  - Interface satisfaction tests
  - Lines: 118

[2025-10-29 04:36:30] Created pkg/registry/errors_test.go
  - All 4 error type tests
  - Error formatting validation
  - Error unwrapping tests
  - Lines: 85

[2025-10-29 04:37:00] Added dependency: github.com/google/go-containerregistry@v0.19.0

[2025-10-29 04:37:30] Test execution:
  - Total tests: 18
  - Passed: 18 (100%)
  - Failed: 0
  - Coverage: 100.0% of statements

[2025-10-29 04:38:00] Line count measurement:
  - Implementation lines: 159 (interface.go + errors.go + doc.go)
  - Test lines: 263 (not counted toward limits)
  - Target: 200±30 lines
  - Status: ✅ UNDER LIMIT (159 < 800 hard limit)

[2025-10-29 04:39:00] Git operations:
  - Staged: 8 files (6 new + 2 modified)
  - Commit: b690943
  - Push: Success to origin/idpbuilder-oci-push/phase1/wave1/effort-2-registry-interface

[2025-10-29 04:40:00] IMPLEMENTATION COMPLETE
  - All acceptance criteria met
  - All files created as specified
  - All tests passing
  - 100% coverage achieved
  - Under size limit
  - Code committed and pushed
