[2025-11-12 00:03:44 UTC] SW Engineer Agent Started - Effort 1.1.3
[2025-11-12 00:04:09 UTC] Pre-flight checks completed - All PASS
[2025-11-12 00:04:15 UTC] Implementation plan loaded and acknowledged
[2025-11-12 00:04:30 UTC] Created pkg/auth directory
[2025-11-12 00:04:35 UTC] Created pkg/auth/interface.go (AuthProvider interface, 2 methods, 2 error types)
[2025-11-12 00:05:00 UTC] Created pkg/tls directory
[2025-11-12 00:05:05 UTC] Created pkg/tls/interface.go (TLSProvider interface, 3 methods)
[2025-11-12 00:05:30 UTC] Created pkg/auth/interface_test.go (4 tests: T1.1.3-001 through T1.1.3-004)
[2025-11-12 00:05:45 UTC] Created pkg/tls/interface_test.go (2 tests: T1.1.3-005 through T1.1.3-006)
[2025-11-12 00:06:00 UTC] Fixed import paths (github.com/cnoe-io/idpbuilder)
[2025-11-12 00:06:15 UTC] Build verification: ✅ PASS (go build ./pkg/auth ./pkg/tls)
[2025-11-12 00:06:30 UTC] Test execution: ✅ 6/6 tests PASS, 100% coverage
[2025-11-12 00:07:00 UTC] Size measurement: 278 lines (within 800-line limit)
[2025-11-12 00:07:30 UTC] Committed changes: feat(interfaces): Add AuthProvider and TLSProvider interface definitions
[2025-11-12 00:07:45 UTC] Pushed to remote: origin/idpbuilder-oci-push-rebuild/phase1-wave1-effort-1.1.3
[2025-11-12 00:08:13 UTC] Created IMPLEMENTATION-COMPLETE.marker
[2025-11-12 00:08:40 UTC] Saved TODOs per R287
[2025-11-12 00:08:55 UTC] Implementation complete - Ready for review

Files Modified:
- pkg/auth/interface.go (NEW, 68 lines)
- pkg/auth/interface_test.go (NEW, 50 lines)
- pkg/tls/interface.go (NEW, 70 lines)
- pkg/tls/interface_test.go (NEW, 27 lines)
- go.mod (UPDATED, dependency changes)
- go.sum (UPDATED, dependency changes)

Implementation Summary:
- Total lines added: 278 (including go.mod/go.sum)
- Tests: 6/6 PASS
- Coverage: 100% for both packages
- Build: ✅ SUCCESS
- Size compliance: ✅ WITHIN LIMIT (278/800 lines)

Next Steps:
- Orchestrator to spawn Code Reviewer for review
- After approval, merge to integration branch
- Continue to Effort 1.1.4 (Command Structure Definition)
