# Work Log - Effort 1.1.3: Auth & TLS Interface Definitions

## Session Information
- **Start Time**: 2025-10-29 04:46:25 UTC
- **End Time**: 2025-10-29 04:52:28 UTC
- **Agent**: sw-engineer
- **Effort**: 1.1.3 (effort-3-auth-tls-interfaces)
- **Phase**: 1, Wave: 1

## Implementation Summary

### Auth Package (68 implementation lines)
- `pkg/auth/interface.go` (45 lines)
  - Provider interface with GetAuthenticator() and ValidateCredentials()
  - Credentials struct for username/password
  - NewBasicAuthProvider() function signature (Wave 2 implementation)
  
- `pkg/auth/errors.go` (13 lines)
  - CredentialValidationError type with Field and Reason
  
- `pkg/auth/doc.go` (10 lines)
  - Package documentation

### TLS Package (49 implementation lines)
- `pkg/tls/interface.go` (42 lines)
  - ConfigProvider interface with GetTLSConfig() and IsInsecure()
  - Config struct with InsecureSkipVerify field
  - NewConfigProvider() function signature (Wave 2 implementation)
  
- `pkg/tls/doc.go` (7 lines)
  - Package documentation

### Test Files (5 files, ~190 lines - not counted in limit)
- `pkg/auth/interface_test.go` - Tests for Credentials struct
- `pkg/auth/mock_test.go` - Mock Provider implementation and tests
- `pkg/tls/interface_test.go` - Tests for Config struct
- `pkg/tls/mock_test.go` - Mock ConfigProvider implementation and tests

### Dependencies Added
- go-containerregistry v0.19.0 (required for authn.Authenticator interface)

## Test Results
- All tests passing: ✅
- Auth package: 3 test cases, all passing
- TLS package: 2 test cases, all passing
- Coverage: Appropriate for interface definitions (functions panic intentionally for Wave 2)

## Size Compliance
- Total implementation lines: 117
- Estimated: 140 lines
- Hard limit: 800 lines
- Status: ✅ WELL UNDER LIMIT

## Quality Checks
- ✅ All files created as per implementation plan
- ✅ Both interfaces compile correctly
- ✅ Mock implementations satisfy interfaces
- ✅ All tests passing
- ✅ GoDoc complete for both packages
- ✅ R383 compliance: All metadata in .software-factory/ with timestamps
- ✅ R221 compliance: CD used in every Bash command
- ✅ R381 compliance: go-containerregistry added at specified version

## Commits
1. `6e6e2f0` - feat(auth,tls): add Auth and TLS interface definitions

## Files Modified/Created
- go.mod (updated with go-containerregistry)
- go.sum (updated)
- pkg/auth/interface.go (created)
- pkg/auth/errors.go (created)
- pkg/auth/doc.go (created)
- pkg/auth/interface_test.go (created)
- pkg/auth/mock_test.go (created)
- pkg/tls/interface.go (created)
- pkg/tls/doc.go (created)
- pkg/tls/interface_test.go (created)
- pkg/tls/mock_test.go (created)
- .software-factory/phase1/wave1/effort-3-auth-tls-interfaces/IMPLEMENTATION-PLAN--20251029-040810.md (committed)

## Next Steps
- Orchestrator will spawn Code Reviewer for review
- Wave 2 will implement the actual Provider and ConfigProvider concrete types
- These interfaces will be used by registry client in integration
